Arguments: 
  C:\Program Files\nodejs\node.exe C:\Users\oseiw\AppData\Local\node\corepack\yarn\1.22.19\bin\yarn.js add @aws-sdk/s3-client

PATH: 
  C:\Windows\system32;C:\Windows;C:\Windows\System32\Wbem;C:\Windows\System32\WindowsPowerShell\v1.0\;C:\Windows\System32\OpenSSH\;C:\Program Files\Git\cmd;C:\Program Files\nodejs\;C:\Program Files\MySQL\MySQL Shell 8.0\bin\;C:\Users\oseiw\AppData\Local\Programs\Python\Python311\Scripts\;C:\Users\oseiw\AppData\Local\Programs\Python\Python311\;C:\Users\oseiw\AppData\Local\Microsoft\WindowsApps;C:\Users\oseiw\AppData\Local\Programs\Microsoft VS Code\bin;C:\Users\oseiw\AppData\Roaming\npm;C:\Program Files\JetBrains\WebStorm 2023.1.2\bin;

Yarn version: 
  1.22.19

Node version: 
  18.15.0

Platform: 
  win32 x64

Trace: 
  Error: https://registry.yarnpkg.com/@aws-sdk%2fs3-client: Not found
      at params.callback [as _callback] (C:\Users\oseiw\AppData\Local\node\corepack\yarn\1.22.19\lib\cli.js:66145:18)
      at self.callback (C:\Users\oseiw\AppData\Local\node\corepack\yarn\1.22.19\lib\cli.js:140890:22)
      at Request.emit (node:events:513:28)
      at Request.<anonymous> (C:\Users\oseiw\AppData\Local\node\corepack\yarn\1.22.19\lib\cli.js:141862:10)
      at Request.emit (node:events:513:28)
      at IncomingMessage.<anonymous> (C:\Users\oseiw\AppData\Local\node\corepack\yarn\1.22.19\lib\cli.js:141784:12)
      at Object.onceWrapper (node:events:627:28)
      at IncomingMessage.emit (node:events:525:35)
      at endReadableNT (node:internal/streams/readable:1359:12)
      at process.processTicksAndRejections (node:internal/process/task_queues:82:21)

npm manifest: 
  {
    "name": "aws-s3-upload",
    "version": "1.0.0",
    "description": "",
    "main": "index.js",
    "scripts": {
      "test": "echo \"Error: no test specified\" && exit 1"
    },
    "keywords": [],
    "author": "",
    "license": "ISC"
  }

yarn manifest: 
  No manifest

Lockfile: 
  No lockfile
